[09-Feb-2021 17:11:04 UTC] PHP Warning:  Declaration of WP_CLI\Core\CoreUpgrader::download_package($package, $check_signatures = true) should be compatible with WP_Upgrader::download_package($package, $check_signatures = false, $hook_extra = Array) in phar://C:/Program Files (x86)/Local/resources/extraResources/bin/wp-cli/wp-cli.phar/vendor/wp-cli/core-command/src/WP_CLI/Core/CoreUpgrader.php on line 0
[09-Feb-2021 17:11:04 UTC] PHP Stack trace:
[09-Feb-2021 17:11:04 UTC] PHP   1. {main}() C:\Program Files (x86)\Local\resources\extraResources\bin\wp-cli\wp-cli.phar:0
[09-Feb-2021 17:11:04 UTC] PHP   2. include() C:\Program Files (x86)\Local\resources\extraResources\bin\wp-cli\wp-cli.phar:4
[09-Feb-2021 17:11:04 UTC] PHP   3. include() phar://C:/Program Files (x86)/Local/resources/extraResources/bin/wp-cli/wp-cli.phar/php/boot-phar.php:11
[09-Feb-2021 17:11:04 UTC] PHP   4. WP_CLI\bootstrap() phar://C:/Program Files (x86)/Local/resources/extraResources/bin/wp-cli/wp-cli.phar/vendor/wp-cli/wp-cli/php/wp-cli.php:27
[09-Feb-2021 17:11:04 UTC] PHP   5. WP_CLI\Bootstrap\LaunchRunner->process() phar://C:/Program Files (x86)/Local/resources/extraResources/bin/wp-cli/wp-cli.phar/vendor/wp-cli/wp-cli/php/bootstrap.php:74
[09-Feb-2021 17:11:04 UTC] PHP   6. WP_CLI\Runner->start() phar://C:/Program Files (x86)/Local/resources/extraResources/bin/wp-cli/wp-cli.phar/vendor/wp-cli/wp-cli/php/WP_CLI/Bootstrap/LaunchRunner.php:23
[09-Feb-2021 17:11:04 UTC] PHP   7. WP_CLI\Runner->run_command_and_exit() phar://C:/Program Files (x86)/Local/resources/extraResources/bin/wp-cli/wp-cli.phar/vendor/wp-cli/wp-cli/php/WP_CLI/Runner.php:1160
[09-Feb-2021 17:11:04 UTC] PHP   8. WP_CLI\Runner->run_command() phar://C:/Program Files (x86)/Local/resources/extraResources/bin/wp-cli/wp-cli.phar/vendor/wp-cli/wp-cli/php/WP_CLI/Runner.php:394
[09-Feb-2021 17:11:04 UTC] PHP   9. WP_CLI\Dispatcher\Subcommand->invoke() phar://C:/Program Files (x86)/Local/resources/extraResources/bin/wp-cli/wp-cli.phar/vendor/wp-cli/wp-cli/php/WP_CLI/Runner.php:371
[09-Feb-2021 17:11:04 UTC] PHP  10. call_user_func:{phar://C:/Program Files (x86)/Local/resources/extraResources/bin/wp-cli/wp-cli.phar/vendor/wp-cli/wp-cli/php/WP_CLI/Dispatcher/Subcommand.php:451}() phar://C:/Program Files (x86)/Local/resources/extraResources/bin/wp-cli/wp-cli.phar/vendor/wp-cli/wp-cli/php/WP_CLI/Dispatcher/Subcommand.php:451
[09-Feb-2021 17:11:04 UTC] PHP  11. WP_CLI\Dispatcher\CommandFactory::WP_CLI\Dispatcher\{closure:phar://C:/Program Files (x86)/Local/resources/extraResources/bin/wp-cli/wp-cli.phar/vendor/wp-cli/wp-cli/php/WP_CLI/Dispatcher/CommandFactory.php:95-102}() phar://C:/Program Files (x86)/Local/resources/extraResources/bin/wp-cli/wp-cli.phar/vendor/wp-cli/wp-cli/php/WP_CLI/Dispatcher/Subcommand.php:451
[09-Feb-2021 17:11:04 UTC] PHP  12. call_user_func:{phar://C:/Program Files (x86)/Local/resources/extraResources/bin/wp-cli/wp-cli.phar/vendor/wp-cli/wp-cli/php/WP_CLI/Dispatcher/CommandFactory.php:98}() phar://C:/Program Files (x86)/Local/resources/extraResources/bin/wp-cli/wp-cli.phar/vendor/wp-cli/wp-cli/php/WP_CLI/Dispatcher/CommandFactory.php:98
[09-Feb-2021 17:11:04 UTC] PHP  13. Core_Command->update() phar://C:/Program Files (x86)/Local/resources/extraResources/bin/wp-cli/wp-cli.phar/vendor/wp-cli/wp-cli/php/WP_CLI/Dispatcher/CommandFactory.php:98
[09-Feb-2021 17:11:04 UTC] PHP  14. WP_CLI\Utils\get_upgrader() phar://C:/Program Files (x86)/Local/resources/extraResources/bin/wp-cli/wp-cli.phar/vendor/wp-cli/core-command/src/Core_Command.php:1138
[09-Feb-2021 17:11:04 UTC] PHP  15. spl_autoload_call() phar://C:/Program Files (x86)/Local/resources/extraResources/bin/wp-cli/wp-cli.phar/vendor/wp-cli/wp-cli/php/utils-wp.php:138
[09-Feb-2021 17:11:04 UTC] PHP  16. Composer\Autoload\ClassLoader->loadClass() phar://C:/Program Files (x86)/Local/resources/extraResources/bin/wp-cli/wp-cli.phar/vendor/wp-cli/wp-cli/php/utils-wp.php:138
[09-Feb-2021 17:11:04 UTC] PHP  17. Composer\Autoload\includeFile() phar://C:/Program Files (x86)/Local/resources/extraResources/bin/wp-cli/wp-cli.phar/vendor/composer/ClassLoader.php:322
[10-Feb-2021 17:23:54 UTC] PHP Fatal error:  Uncaught WCPayPalPlus\Service\Exception\NameNotFound: There is neither a value or service named 'WCPayPalPlus\Uninstall\Uninstaller'. in C:\Users\marti\Local Sites\prototype-web-ptut-main\app\public\wp-content\plugins\woo-paypalplus\src\Service\Exception\NameNotFound.php:23
Stack trace:
#0 C:\Users\marti\Local Sites\prototype-web-ptut-main\app\public\wp-content\plugins\woo-paypalplus\src\Service\Container.php(115): WCPayPalPlus\Service\Exception\NameNotFound::forName('WCPayPalPlus\\Un...')
#1 C:\Users\marti\Local Sites\prototype-web-ptut-main\app\public\wp-content\plugins\woo-paypalplus\uninstall.php(26): WCPayPalPlus\Service\Container->get('WCPayPalPlus\\Un...')
#2 C:\Users\marti\Local Sites\prototype-web-ptut-main\app\public\wp-admin\includes\plugin.php(1261): include_once('C:\\Users\\marti\\...')
#3 C:\Users\marti\Local Sites\prototype-web-ptut-main\app\public\wp-admin\includes\plugin.php(967): uninstall_plugin('woo-paypalplus/...')
#4 C:\Users\marti\Local Sites\prototype-web-ptut-main\app\public\wp-admin\ in C:\Users\marti\Local Sites\prototype-web-ptut-main\app\public\wp-content\plugins\woo-paypalplus\src\Service\Exception\NameNotFound.php on line 23
[10-Feb-2021 17:24:05 UTC] PHP Fatal error:  Uncaught WCPayPalPlus\Service\Exception\NameNotFound: There is neither a value or service named 'WCPayPalPlus\Uninstall\Uninstaller'. in C:\Users\marti\Local Sites\prototype-web-ptut-main\app\public\wp-content\plugins\woo-paypalplus\src\Service\Exception\NameNotFound.php:23
Stack trace:
#0 C:\Users\marti\Local Sites\prototype-web-ptut-main\app\public\wp-content\plugins\woo-paypalplus\src\Service\Container.php(115): WCPayPalPlus\Service\Exception\NameNotFound::forName('WCPayPalPlus\\Un...')
#1 C:\Users\marti\Local Sites\prototype-web-ptut-main\app\public\wp-content\plugins\woo-paypalplus\uninstall.php(26): WCPayPalPlus\Service\Container->get('WCPayPalPlus\\Un...')
#2 C:\Users\marti\Local Sites\prototype-web-ptut-main\app\public\wp-admin\includes\plugin.php(1261): include_once('C:\\Users\\marti\\...')
#3 C:\Users\marti\Local Sites\prototype-web-ptut-main\app\public\wp-admin\includes\plugin.php(967): uninstall_plugin('woo-paypalplus/...')
#4 C:\Users\marti\Local Sites\prototype-web-ptut-main\app\public\wp-admin\ in C:\Users\marti\Local Sites\prototype-web-ptut-main\app\public\wp-content\plugins\woo-paypalplus\src\Service\Exception\NameNotFound.php on line 23
[10-Feb-2021 17:24:14 UTC] PHP Fatal error:  Uncaught WCPayPalPlus\Service\Exception\NameNotFound: There is neither a value or service named 'WCPayPalPlus\Uninstall\Uninstaller'. in C:\Users\marti\Local Sites\prototype-web-ptut-main\app\public\wp-content\plugins\woo-paypalplus\src\Service\Exception\NameNotFound.php:23
Stack trace:
#0 C:\Users\marti\Local Sites\prototype-web-ptut-main\app\public\wp-content\plugins\woo-paypalplus\src\Service\Container.php(115): WCPayPalPlus\Service\Exception\NameNotFound::forName('WCPayPalPlus\\Un...')
#1 C:\Users\marti\Local Sites\prototype-web-ptut-main\app\public\wp-content\plugins\woo-paypalplus\uninstall.php(26): WCPayPalPlus\Service\Container->get('WCPayPalPlus\\Un...')
#2 C:\Users\marti\Local Sites\prototype-web-ptut-main\app\public\wp-admin\includes\plugin.php(1261): include_once('C:\\Users\\marti\\...')
#3 C:\Users\marti\Local Sites\prototype-web-ptut-main\app\public\wp-admin\includes\plugin.php(967): uninstall_plugin('woo-paypalplus/...')
#4 C:\Users\marti\Local Sites\prototype-web-ptut-main\app\public\wp-admin\ in C:\Users\marti\Local Sites\prototype-web-ptut-main\app\public\wp-content\plugins\woo-paypalplus\src\Service\Exception\NameNotFound.php on line 23
